<?xml version="1.0" encoding="UTF-8"?>
<!-- Generated by org.testng.reporters.JUnitReportReporter -->
<testsuite hostname="kiran" failures="0" tests="1" name="Engineering.SomTest" time="11.390" errors="0" timestamp="2023-09-03T15:45:23 IST" skipped="0">
  <testcase classname="Engineering.SomTest" name="Quaterpintest" time="11.390"/>
</testsuite> <!-- Engineering.SomTest -->
