<?xml version="1.0" encoding="UTF-8"?>
<!-- Generated by org.testng.reporters.JUnitReportReporter -->
<testsuite hostname="kiran" failures="0" tests="1" name="Engineering.SomTest" time="7.973" errors="0" timestamp="2023-08-24T15:13:10 IST" skipped="0">
  <testcase classname="Engineering.SomTest" name="Quaterpintest" time="7.973"/>
</testsuite> <!-- Engineering.SomTest -->
