<?xml version="1.0" encoding="UTF-8"?>
<!-- Generated by org.testng.reporters.JUnitReportReporter -->
<testsuite hostname="kiran" failures="0" tests="1" name="DEMO.Flipcart" time="15.971" errors="0" timestamp="2023-09-03T15:04:29 IST" skipped="0">
  <testcase classname="DEMO.Flipcart" name="flipcartTest" time="15.971"/>
</testsuite> <!-- DEMO.Flipcart -->
