<?xml version="1.0" encoding="UTF-8"?>
<!-- Generated by org.testng.reporters.JUnitReportReporter -->
<testsuite hostname="kiran" failures="0" tests="1" name="DEMO.Ajio" time="10.647" errors="0" timestamp="2023-09-03T20:17:34 IST" skipped="0">
  <testcase classname="DEMO.Ajio" name="jiotest" time="10.647"/>
</testsuite> <!-- DEMO.Ajio -->
