<?xml version="1.0" encoding="UTF-8"?>
<!-- Generated by org.testng.reporters.JUnitReportReporter -->
<testsuite hostname="kiran" failures="0" tests="1" name="DEMO.Amazon" time="8.445" errors="0" timestamp="2023-09-03T15:04:29 IST" skipped="0">
  <testcase classname="DEMO.Amazon" name="Amazontest" time="8.445"/>
</testsuite> <!-- DEMO.Amazon -->
