<?xml version="1.0" encoding="UTF-8"?>
<!-- Generated by org.testng.reporters.JUnitReportReporter -->
<testsuite hostname="kiran" failures="0" tests="1" name="DEMO.Ajio" time="9.925" errors="0" timestamp="2023-09-03T16:21:10 IST" skipped="0">
  <testcase classname="DEMO.Ajio" name="jiotest" time="9.925"/>
</testsuite> <!-- DEMO.Ajio -->
