<?xml version="1.0" encoding="UTF-8"?>
<!-- Generated by org.testng.reporters.JUnitReportReporter -->
<testsuite hostname="kiran" failures="0" tests="1" name="CIvilEngg.Ecavation" time="32.298" errors="0" timestamp="2023-09-03T20:24:38 IST" skipped="0">
  <testcase classname="CIvilEngg.Ecavation" name="fo2" time="32.298"/>
</testsuite> <!-- CIvilEngg.Ecavation -->
