<?xml version="1.0" encoding="UTF-8"?>
<!-- Generated by org.testng.reporters.JUnitReportReporter -->
<testsuite hostname="kiran" failures="0" tests="1" name="CIvilEngg.COMpactTest" time="20.877" errors="0" timestamp="2023-09-03T20:24:38 IST" skipped="0">
  <testcase classname="CIvilEngg.COMpactTest" name="fo1" time="20.877"/>
</testsuite> <!-- CIvilEngg.COMpactTest -->
