<?xml version="1.0" encoding="UTF-8"?>
<!-- Generated by org.testng.reporters.JUnitReportReporter -->
<testsuite hostname="kiran" failures="0" tests="1" name="DEMO.Ajio" time="13.120" errors="0" timestamp="2023-08-24T15:08:42 IST" skipped="0">
  <testcase classname="DEMO.Ajio" name="jiotest" time="13.120"/>
</testsuite> <!-- DEMO.Ajio -->
