<?xml version="1.0" encoding="UTF-8"?>
<!-- Generated by org.testng.reporters.JUnitReportReporter -->
<testsuite hostname="kiran" failures="0" tests="1" name="DEMO.Flipcart" time="8.781" errors="0" timestamp="2023-09-03T20:17:34 IST" skipped="0">
  <testcase classname="DEMO.Flipcart" name="flipcartTest" time="8.781"/>
</testsuite> <!-- DEMO.Flipcart -->
